<?xml version="1.0" encoding="UTF-8"?>
<testsuite name="com.chyld.models.ShelterTest" tests="7" skipped="0" failures="0" errors="0" timestamp="2016-08-11T17:19:43" hostname="Chylds-MacBook-Pro.local" time="0.361">
  <properties/>
  <testcase name="notATestProofOfConcept" classname="com.chyld.models.ShelterTest" time="0.065"/>
  <testcase name="shouldNotSaveDueToNotUnique" classname="com.chyld.models.ShelterTest" time="0.061"/>
  <testcase name="shouldNotSaveDueToNullName" classname="com.chyld.models.ShelterTest" time="0.048"/>
  <testcase name="shouldCreateNewShelterAndSave" classname="com.chyld.models.ShelterTest" time="0.052"/>
  <testcase name="shouldUpdateExistingShelter" classname="com.chyld.models.ShelterTest" time="0.049"/>
  <testcase name="shouldNotSaveDueToNameTooLong" classname="com.chyld.models.ShelterTest" time="0.045"/>
  <testcase name="shouldGetExistingShelter" classname="com.chyld.models.ShelterTest" time="0.04"/>
  <system-out><![CDATA[Hibernate: 
    
set
    FOREIGN_KEY_CHECKS = 0
Hibernate: 
    truncate table animals
Hibernate: 
    truncate table shelters
Hibernate: 
    
set
    FOREIGN_KEY_CHECKS = 1
Hibernate: 
    insert 
    into
        shelters
        (name, opened) 
    values
        (?, ?)
12:19:43.555 [Test worker] TRACE org.hibernate.type.descriptor.sql.BasicBinder - binding parameter [1] as [VARCHAR] - [Furry Friends]
12:19:43.555 [Test worker] TRACE org.hibernate.type.descriptor.sql.BasicBinder - binding parameter [2] as [DATE] - [Mon Feb 11 00:00:00 CST 2013]
Hibernate: 
    insert 
    into
        animals
        (birthday, name, placement, sex, shelter_id, species) 
    values
        (?, ?, ?, ?, ?, ?)
12:19:43.558 [Test worker] TRACE org.hibernate.type.descriptor.sql.BasicBinder - binding parameter [1] as [DATE] - [Mon Jan 03 00:00:00 CST 2000]
12:19:43.559 [Test worker] TRACE org.hibernate.type.descriptor.sql.BasicBinder - binding parameter [2] as [VARCHAR] - [Fido]
12:19:43.559 [Test worker] TRACE org.hibernate.type.descriptor.sql.BasicBinder - binding parameter [3] as [DATE] - [Wed Dec 11 00:00:00 CST 2013]
12:19:43.559 [Test worker] TRACE org.hibernate.type.descriptor.sql.BasicBinder - binding parameter [5] as [INTEGER] - [1]
12:19:43.559 [Test worker] TRACE org.hibernate.type.descriptor.sql.BasicBinder - binding parameter [6] as [VARCHAR] - [Dog]
Hibernate: 
    insert 
    into
        animals
        (birthday, name, placement, sex, shelter_id, species) 
    values
        (?, ?, ?, ?, ?, ?)
12:19:43.563 [Test worker] TRACE org.hibernate.type.descriptor.sql.BasicBinder - binding parameter [1] as [DATE] - [Wed Jan 03 00:00:00 CST 2001]
12:19:43.564 [Test worker] TRACE org.hibernate.type.descriptor.sql.BasicBinder - binding parameter [2] as [VARCHAR] - [Molly]
12:19:43.564 [Test worker] TRACE org.hibernate.type.descriptor.sql.BasicBinder - binding parameter [3] as [DATE] - [Thu Dec 11 00:00:00 CST 2014]
12:19:43.564 [Test worker] TRACE org.hibernate.type.descriptor.sql.BasicBinder - binding parameter [5] as [INTEGER] - [1]
12:19:43.564 [Test worker] TRACE org.hibernate.type.descriptor.sql.BasicBinder - binding parameter [6] as [VARCHAR] - [Cat]
Hibernate: 
    insert 
    into
        animals
        (birthday, name, placement, sex, shelter_id, species) 
    values
        (?, ?, ?, ?, ?, ?)
12:19:43.567 [Test worker] TRACE org.hibernate.type.descriptor.sql.BasicBinder - binding parameter [1] as [DATE] - [Thu Jan 03 00:00:00 CST 2002]
12:19:43.567 [Test worker] TRACE org.hibernate.type.descriptor.sql.BasicBinder - binding parameter [2] as [VARCHAR] - [Fluffy]
12:19:43.567 [Test worker] TRACE org.hibernate.type.descriptor.sql.BasicBinder - binding parameter [3] as [DATE] - [Fri Dec 11 00:00:00 CST 2015]
12:19:43.567 [Test worker] TRACE org.hibernate.type.descriptor.sql.BasicBinder - binding parameter [5] as [INTEGER] - [1]
12:19:43.567 [Test worker] TRACE org.hibernate.type.descriptor.sql.BasicBinder - binding parameter [6] as [VARCHAR] - [Cat]
Hibernate: 
    
set
    FOREIGN_KEY_CHECKS = 0
Hibernate: 
    truncate table animals
Hibernate: 
    truncate table shelters
Hibernate: 
    
set
    FOREIGN_KEY_CHECKS = 1
Hibernate: 
    insert 
    into
        shelters
        (name, opened) 
    values
        (?, ?)
12:19:43.619 [Test worker] TRACE org.hibernate.type.descriptor.sql.BasicBinder - binding parameter [1] as [VARCHAR] - [Furry Friends]
12:19:43.619 [Test worker] TRACE org.hibernate.type.descriptor.sql.BasicBinder - binding parameter [2] as [DATE] - [Mon Feb 11 00:00:00 CST 2013]
Hibernate: 
    insert 
    into
        animals
        (birthday, name, placement, sex, shelter_id, species) 
    values
        (?, ?, ?, ?, ?, ?)
12:19:43.621 [Test worker] TRACE org.hibernate.type.descriptor.sql.BasicBinder - binding parameter [1] as [DATE] - [Mon Jan 03 00:00:00 CST 2000]
12:19:43.621 [Test worker] TRACE org.hibernate.type.descriptor.sql.BasicBinder - binding parameter [2] as [VARCHAR] - [Fido]
12:19:43.621 [Test worker] TRACE org.hibernate.type.descriptor.sql.BasicBinder - binding parameter [3] as [DATE] - [Wed Dec 11 00:00:00 CST 2013]
12:19:43.622 [Test worker] TRACE org.hibernate.type.descriptor.sql.BasicBinder - binding parameter [5] as [INTEGER] - [1]
12:19:43.622 [Test worker] TRACE org.hibernate.type.descriptor.sql.BasicBinder - binding parameter [6] as [VARCHAR] - [Dog]
Hibernate: 
    insert 
    into
        animals
        (birthday, name, placement, sex, shelter_id, species) 
    values
        (?, ?, ?, ?, ?, ?)
12:19:43.624 [Test worker] TRACE org.hibernate.type.descriptor.sql.BasicBinder - binding parameter [1] as [DATE] - [Wed Jan 03 00:00:00 CST 2001]
12:19:43.624 [Test worker] TRACE org.hibernate.type.descriptor.sql.BasicBinder - binding parameter [2] as [VARCHAR] - [Molly]
12:19:43.624 [Test worker] TRACE org.hibernate.type.descriptor.sql.BasicBinder - binding parameter [3] as [DATE] - [Thu Dec 11 00:00:00 CST 2014]
12:19:43.624 [Test worker] TRACE org.hibernate.type.descriptor.sql.BasicBinder - binding parameter [5] as [INTEGER] - [1]
12:19:43.624 [Test worker] TRACE org.hibernate.type.descriptor.sql.BasicBinder - binding parameter [6] as [VARCHAR] - [Cat]
Hibernate: 
    insert 
    into
        animals
        (birthday, name, placement, sex, shelter_id, species) 
    values
        (?, ?, ?, ?, ?, ?)
12:19:43.626 [Test worker] TRACE org.hibernate.type.descriptor.sql.BasicBinder - binding parameter [1] as [DATE] - [Thu Jan 03 00:00:00 CST 2002]
12:19:43.627 [Test worker] TRACE org.hibernate.type.descriptor.sql.BasicBinder - binding parameter [2] as [VARCHAR] - [Fluffy]
12:19:43.627 [Test worker] TRACE org.hibernate.type.descriptor.sql.BasicBinder - binding parameter [3] as [DATE] - [Fri Dec 11 00:00:00 CST 2015]
12:19:43.627 [Test worker] TRACE org.hibernate.type.descriptor.sql.BasicBinder - binding parameter [5] as [INTEGER] - [1]
12:19:43.627 [Test worker] TRACE org.hibernate.type.descriptor.sql.BasicBinder - binding parameter [6] as [VARCHAR] - [Cat]
Hibernate: 
    insert 
    into
        shelters
        (name, opened) 
    values
        (?, ?)
12:19:43.636 [Test worker] TRACE org.hibernate.type.descriptor.sql.BasicBinder - binding parameter [1] as [VARCHAR] - [Furry Friends]
12:19:43.636 [Test worker] TRACE org.hibernate.type.descriptor.sql.BasicBinder - binding parameter [2] as [DATE] - [Mon Feb 11 00:00:00 CST 2013]
12:19:43.638 [Test worker] ERROR org.hibernate.engine.jdbc.spi.SqlExceptionHelper - Duplicate entry 'Furry Friends' for key 'name_UNIQUE'
Hibernate: 
    
set
    FOREIGN_KEY_CHECKS = 0
Hibernate: 
    truncate table animals
Hibernate: 
    truncate table shelters
Hibernate: 
    
set
    FOREIGN_KEY_CHECKS = 1
Hibernate: 
    insert 
    into
        shelters
        (name, opened) 
    values
        (?, ?)
12:19:43.672 [Test worker] TRACE org.hibernate.type.descriptor.sql.BasicBinder - binding parameter [1] as [VARCHAR] - [Furry Friends]
12:19:43.672 [Test worker] TRACE org.hibernate.type.descriptor.sql.BasicBinder - binding parameter [2] as [DATE] - [Mon Feb 11 00:00:00 CST 2013]
Hibernate: 
    insert 
    into
        animals
        (birthday, name, placement, sex, shelter_id, species) 
    values
        (?, ?, ?, ?, ?, ?)
12:19:43.674 [Test worker] TRACE org.hibernate.type.descriptor.sql.BasicBinder - binding parameter [1] as [DATE] - [Mon Jan 03 00:00:00 CST 2000]
12:19:43.675 [Test worker] TRACE org.hibernate.type.descriptor.sql.BasicBinder - binding parameter [2] as [VARCHAR] - [Fido]
12:19:43.675 [Test worker] TRACE org.hibernate.type.descriptor.sql.BasicBinder - binding parameter [3] as [DATE] - [Wed Dec 11 00:00:00 CST 2013]
12:19:43.675 [Test worker] TRACE org.hibernate.type.descriptor.sql.BasicBinder - binding parameter [5] as [INTEGER] - [1]
12:19:43.675 [Test worker] TRACE org.hibernate.type.descriptor.sql.BasicBinder - binding parameter [6] as [VARCHAR] - [Dog]
Hibernate: 
    insert 
    into
        animals
        (birthday, name, placement, sex, shelter_id, species) 
    values
        (?, ?, ?, ?, ?, ?)
12:19:43.678 [Test worker] TRACE org.hibernate.type.descriptor.sql.BasicBinder - binding parameter [1] as [DATE] - [Wed Jan 03 00:00:00 CST 2001]
12:19:43.678 [Test worker] TRACE org.hibernate.type.descriptor.sql.BasicBinder - binding parameter [2] as [VARCHAR] - [Molly]
12:19:43.678 [Test worker] TRACE org.hibernate.type.descriptor.sql.BasicBinder - binding parameter [3] as [DATE] - [Thu Dec 11 00:00:00 CST 2014]
12:19:43.678 [Test worker] TRACE org.hibernate.type.descriptor.sql.BasicBinder - binding parameter [5] as [INTEGER] - [1]
12:19:43.678 [Test worker] TRACE org.hibernate.type.descriptor.sql.BasicBinder - binding parameter [6] as [VARCHAR] - [Cat]
Hibernate: 
    insert 
    into
        animals
        (birthday, name, placement, sex, shelter_id, species) 
    values
        (?, ?, ?, ?, ?, ?)
12:19:43.680 [Test worker] TRACE org.hibernate.type.descriptor.sql.BasicBinder - binding parameter [1] as [DATE] - [Thu Jan 03 00:00:00 CST 2002]
12:19:43.681 [Test worker] TRACE org.hibernate.type.descriptor.sql.BasicBinder - binding parameter [2] as [VARCHAR] - [Fluffy]
12:19:43.681 [Test worker] TRACE org.hibernate.type.descriptor.sql.BasicBinder - binding parameter [3] as [DATE] - [Fri Dec 11 00:00:00 CST 2015]
12:19:43.681 [Test worker] TRACE org.hibernate.type.descriptor.sql.BasicBinder - binding parameter [5] as [INTEGER] - [1]
12:19:43.681 [Test worker] TRACE org.hibernate.type.descriptor.sql.BasicBinder - binding parameter [6] as [VARCHAR] - [Cat]
Hibernate: 
    
set
    FOREIGN_KEY_CHECKS = 0
Hibernate: 
    truncate table animals
Hibernate: 
    truncate table shelters
Hibernate: 
    
set
    FOREIGN_KEY_CHECKS = 1
Hibernate: 
    insert 
    into
        shelters
        (name, opened) 
    values
        (?, ?)
12:19:43.722 [Test worker] TRACE org.hibernate.type.descriptor.sql.BasicBinder - binding parameter [1] as [VARCHAR] - [Furry Friends]
12:19:43.722 [Test worker] TRACE org.hibernate.type.descriptor.sql.BasicBinder - binding parameter [2] as [DATE] - [Mon Feb 11 00:00:00 CST 2013]
Hibernate: 
    insert 
    into
        animals
        (birthday, name, placement, sex, shelter_id, species) 
    values
        (?, ?, ?, ?, ?, ?)
12:19:43.724 [Test worker] TRACE org.hibernate.type.descriptor.sql.BasicBinder - binding parameter [1] as [DATE] - [Mon Jan 03 00:00:00 CST 2000]
12:19:43.724 [Test worker] TRACE org.hibernate.type.descriptor.sql.BasicBinder - binding parameter [2] as [VARCHAR] - [Fido]
12:19:43.724 [Test worker] TRACE org.hibernate.type.descriptor.sql.BasicBinder - binding parameter [3] as [DATE] - [Wed Dec 11 00:00:00 CST 2013]
12:19:43.724 [Test worker] TRACE org.hibernate.type.descriptor.sql.BasicBinder - binding parameter [5] as [INTEGER] - [1]
12:19:43.724 [Test worker] TRACE org.hibernate.type.descriptor.sql.BasicBinder - binding parameter [6] as [VARCHAR] - [Dog]
Hibernate: 
    insert 
    into
        animals
        (birthday, name, placement, sex, shelter_id, species) 
    values
        (?, ?, ?, ?, ?, ?)
12:19:43.726 [Test worker] TRACE org.hibernate.type.descriptor.sql.BasicBinder - binding parameter [1] as [DATE] - [Wed Jan 03 00:00:00 CST 2001]
12:19:43.727 [Test worker] TRACE org.hibernate.type.descriptor.sql.BasicBinder - binding parameter [2] as [VARCHAR] - [Molly]
12:19:43.727 [Test worker] TRACE org.hibernate.type.descriptor.sql.BasicBinder - binding parameter [3] as [DATE] - [Thu Dec 11 00:00:00 CST 2014]
12:19:43.727 [Test worker] TRACE org.hibernate.type.descriptor.sql.BasicBinder - binding parameter [5] as [INTEGER] - [1]
12:19:43.728 [Test worker] TRACE org.hibernate.type.descriptor.sql.BasicBinder - binding parameter [6] as [VARCHAR] - [Cat]
Hibernate: 
    insert 
    into
        animals
        (birthday, name, placement, sex, shelter_id, species) 
    values
        (?, ?, ?, ?, ?, ?)
12:19:43.730 [Test worker] TRACE org.hibernate.type.descriptor.sql.BasicBinder - binding parameter [1] as [DATE] - [Thu Jan 03 00:00:00 CST 2002]
12:19:43.730 [Test worker] TRACE org.hibernate.type.descriptor.sql.BasicBinder - binding parameter [2] as [VARCHAR] - [Fluffy]
12:19:43.731 [Test worker] TRACE org.hibernate.type.descriptor.sql.BasicBinder - binding parameter [3] as [DATE] - [Fri Dec 11 00:00:00 CST 2015]
12:19:43.731 [Test worker] TRACE org.hibernate.type.descriptor.sql.BasicBinder - binding parameter [5] as [INTEGER] - [1]
12:19:43.731 [Test worker] TRACE org.hibernate.type.descriptor.sql.BasicBinder - binding parameter [6] as [VARCHAR] - [Cat]
Hibernate: 
    insert 
    into
        shelters
        (name, opened) 
    values
        (?, ?)
12:19:43.736 [Test worker] TRACE org.hibernate.type.descriptor.sql.BasicBinder - binding parameter [1] as [VARCHAR] - [Happi Tails]
12:19:43.736 [Test worker] TRACE org.hibernate.type.descriptor.sql.BasicBinder - binding parameter [2] as [DATE] - [Mon Feb 11 00:00:00 CST 2013]
Hibernate: 
    
set
    FOREIGN_KEY_CHECKS = 0
Hibernate: 
    truncate table animals
Hibernate: 
    truncate table shelters
Hibernate: 
    
set
    FOREIGN_KEY_CHECKS = 1
Hibernate: 
    insert 
    into
        shelters
        (name, opened) 
    values
        (?, ?)
12:19:43.771 [Test worker] TRACE org.hibernate.type.descriptor.sql.BasicBinder - binding parameter [1] as [VARCHAR] - [Furry Friends]
12:19:43.771 [Test worker] TRACE org.hibernate.type.descriptor.sql.BasicBinder - binding parameter [2] as [DATE] - [Mon Feb 11 00:00:00 CST 2013]
Hibernate: 
    insert 
    into
        animals
        (birthday, name, placement, sex, shelter_id, species) 
    values
        (?, ?, ?, ?, ?, ?)
12:19:43.773 [Test worker] TRACE org.hibernate.type.descriptor.sql.BasicBinder - binding parameter [1] as [DATE] - [Mon Jan 03 00:00:00 CST 2000]
12:19:43.773 [Test worker] TRACE org.hibernate.type.descriptor.sql.BasicBinder - binding parameter [2] as [VARCHAR] - [Fido]
12:19:43.773 [Test worker] TRACE org.hibernate.type.descriptor.sql.BasicBinder - binding parameter [3] as [DATE] - [Wed Dec 11 00:00:00 CST 2013]
12:19:43.773 [Test worker] TRACE org.hibernate.type.descriptor.sql.BasicBinder - binding parameter [5] as [INTEGER] - [1]
12:19:43.773 [Test worker] TRACE org.hibernate.type.descriptor.sql.BasicBinder - binding parameter [6] as [VARCHAR] - [Dog]
Hibernate: 
    insert 
    into
        animals
        (birthday, name, placement, sex, shelter_id, species) 
    values
        (?, ?, ?, ?, ?, ?)
12:19:43.775 [Test worker] TRACE org.hibernate.type.descriptor.sql.BasicBinder - binding parameter [1] as [DATE] - [Wed Jan 03 00:00:00 CST 2001]
12:19:43.775 [Test worker] TRACE org.hibernate.type.descriptor.sql.BasicBinder - binding parameter [2] as [VARCHAR] - [Molly]
12:19:43.775 [Test worker] TRACE org.hibernate.type.descriptor.sql.BasicBinder - binding parameter [3] as [DATE] - [Thu Dec 11 00:00:00 CST 2014]
12:19:43.775 [Test worker] TRACE org.hibernate.type.descriptor.sql.BasicBinder - binding parameter [5] as [INTEGER] - [1]
12:19:43.776 [Test worker] TRACE org.hibernate.type.descriptor.sql.BasicBinder - binding parameter [6] as [VARCHAR] - [Cat]
Hibernate: 
    insert 
    into
        animals
        (birthday, name, placement, sex, shelter_id, species) 
    values
        (?, ?, ?, ?, ?, ?)
12:19:43.778 [Test worker] TRACE org.hibernate.type.descriptor.sql.BasicBinder - binding parameter [1] as [DATE] - [Thu Jan 03 00:00:00 CST 2002]
12:19:43.778 [Test worker] TRACE org.hibernate.type.descriptor.sql.BasicBinder - binding parameter [2] as [VARCHAR] - [Fluffy]
12:19:43.778 [Test worker] TRACE org.hibernate.type.descriptor.sql.BasicBinder - binding parameter [3] as [DATE] - [Fri Dec 11 00:00:00 CST 2015]
12:19:43.778 [Test worker] TRACE org.hibernate.type.descriptor.sql.BasicBinder - binding parameter [5] as [INTEGER] - [1]
12:19:43.778 [Test worker] TRACE org.hibernate.type.descriptor.sql.BasicBinder - binding parameter [6] as [VARCHAR] - [Cat]
Hibernate: 
    select
        shelter0_.id as id1_2_0_,
        shelter0_.name as name2_2_0_,
        shelter0_.opened as opened3_2_0_ 
    from
        shelters shelter0_ 
    where
        shelter0_.id=?
12:19:43.783 [Test worker] TRACE org.hibernate.type.descriptor.sql.BasicBinder - binding parameter [1] as [INTEGER] - [1]
Hibernate: 
    update
        shelters 
    set
        name=?,
        opened=? 
    where
        id=?
12:19:43.786 [Test worker] TRACE org.hibernate.type.descriptor.sql.BasicBinder - binding parameter [1] as [VARCHAR] - [Tails]
12:19:43.786 [Test worker] TRACE org.hibernate.type.descriptor.sql.BasicBinder - binding parameter [2] as [DATE] - [2013-02-10]
12:19:43.786 [Test worker] TRACE org.hibernate.type.descriptor.sql.BasicBinder - binding parameter [3] as [INTEGER] - [1]
Hibernate: 
    
set
    FOREIGN_KEY_CHECKS = 0
Hibernate: 
    truncate table animals
Hibernate: 
    truncate table shelters
Hibernate: 
    
set
    FOREIGN_KEY_CHECKS = 1
Hibernate: 
    insert 
    into
        shelters
        (name, opened) 
    values
        (?, ?)
12:19:43.818 [Test worker] TRACE org.hibernate.type.descriptor.sql.BasicBinder - binding parameter [1] as [VARCHAR] - [Furry Friends]
12:19:43.818 [Test worker] TRACE org.hibernate.type.descriptor.sql.BasicBinder - binding parameter [2] as [DATE] - [Mon Feb 11 00:00:00 CST 2013]
Hibernate: 
    insert 
    into
        animals
        (birthday, name, placement, sex, shelter_id, species) 
    values
        (?, ?, ?, ?, ?, ?)
12:19:43.820 [Test worker] TRACE org.hibernate.type.descriptor.sql.BasicBinder - binding parameter [1] as [DATE] - [Mon Jan 03 00:00:00 CST 2000]
12:19:43.820 [Test worker] TRACE org.hibernate.type.descriptor.sql.BasicBinder - binding parameter [2] as [VARCHAR] - [Fido]
12:19:43.820 [Test worker] TRACE org.hibernate.type.descriptor.sql.BasicBinder - binding parameter [3] as [DATE] - [Wed Dec 11 00:00:00 CST 2013]
12:19:43.820 [Test worker] TRACE org.hibernate.type.descriptor.sql.BasicBinder - binding parameter [5] as [INTEGER] - [1]
12:19:43.820 [Test worker] TRACE org.hibernate.type.descriptor.sql.BasicBinder - binding parameter [6] as [VARCHAR] - [Dog]
Hibernate: 
    insert 
    into
        animals
        (birthday, name, placement, sex, shelter_id, species) 
    values
        (?, ?, ?, ?, ?, ?)
12:19:43.822 [Test worker] TRACE org.hibernate.type.descriptor.sql.BasicBinder - binding parameter [1] as [DATE] - [Wed Jan 03 00:00:00 CST 2001]
12:19:43.822 [Test worker] TRACE org.hibernate.type.descriptor.sql.BasicBinder - binding parameter [2] as [VARCHAR] - [Molly]
12:19:43.823 [Test worker] TRACE org.hibernate.type.descriptor.sql.BasicBinder - binding parameter [3] as [DATE] - [Thu Dec 11 00:00:00 CST 2014]
12:19:43.823 [Test worker] TRACE org.hibernate.type.descriptor.sql.BasicBinder - binding parameter [5] as [INTEGER] - [1]
12:19:43.823 [Test worker] TRACE org.hibernate.type.descriptor.sql.BasicBinder - binding parameter [6] as [VARCHAR] - [Cat]
Hibernate: 
    insert 
    into
        animals
        (birthday, name, placement, sex, shelter_id, species) 
    values
        (?, ?, ?, ?, ?, ?)
12:19:43.824 [Test worker] TRACE org.hibernate.type.descriptor.sql.BasicBinder - binding parameter [1] as [DATE] - [Thu Jan 03 00:00:00 CST 2002]
12:19:43.825 [Test worker] TRACE org.hibernate.type.descriptor.sql.BasicBinder - binding parameter [2] as [VARCHAR] - [Fluffy]
12:19:43.825 [Test worker] TRACE org.hibernate.type.descriptor.sql.BasicBinder - binding parameter [3] as [DATE] - [Fri Dec 11 00:00:00 CST 2015]
12:19:43.825 [Test worker] TRACE org.hibernate.type.descriptor.sql.BasicBinder - binding parameter [5] as [INTEGER] - [1]
12:19:43.825 [Test worker] TRACE org.hibernate.type.descriptor.sql.BasicBinder - binding parameter [6] as [VARCHAR] - [Cat]
Hibernate: 
    insert 
    into
        shelters
        (name, opened) 
    values
        (?, ?)
12:19:43.832 [Test worker] TRACE org.hibernate.type.descriptor.sql.BasicBinder - binding parameter [1] as [VARCHAR] - [01234567890123456789012345678901234567890123456789]
12:19:43.832 [Test worker] TRACE org.hibernate.type.descriptor.sql.BasicBinder - binding parameter [2] as [DATE] - [Mon Feb 11 00:00:00 CST 2013]
12:19:43.833 [Test worker] ERROR org.hibernate.engine.jdbc.spi.SqlExceptionHelper - Data truncation: Data too long for column 'name' at row 1
Hibernate: 
    
set
    FOREIGN_KEY_CHECKS = 0
Hibernate: 
    truncate table animals
Hibernate: 
    truncate table shelters
Hibernate: 
    
set
    FOREIGN_KEY_CHECKS = 1
Hibernate: 
    insert 
    into
        shelters
        (name, opened) 
    values
        (?, ?)
12:19:43.859 [Test worker] TRACE org.hibernate.type.descriptor.sql.BasicBinder - binding parameter [1] as [VARCHAR] - [Furry Friends]
12:19:43.859 [Test worker] TRACE org.hibernate.type.descriptor.sql.BasicBinder - binding parameter [2] as [DATE] - [Mon Feb 11 00:00:00 CST 2013]
Hibernate: 
    insert 
    into
        animals
        (birthday, name, placement, sex, shelter_id, species) 
    values
        (?, ?, ?, ?, ?, ?)
12:19:43.862 [Test worker] TRACE org.hibernate.type.descriptor.sql.BasicBinder - binding parameter [1] as [DATE] - [Mon Jan 03 00:00:00 CST 2000]
12:19:43.862 [Test worker] TRACE org.hibernate.type.descriptor.sql.BasicBinder - binding parameter [2] as [VARCHAR] - [Fido]
12:19:43.862 [Test worker] TRACE org.hibernate.type.descriptor.sql.BasicBinder - binding parameter [3] as [DATE] - [Wed Dec 11 00:00:00 CST 2013]
12:19:43.863 [Test worker] TRACE org.hibernate.type.descriptor.sql.BasicBinder - binding parameter [5] as [INTEGER] - [1]
12:19:43.863 [Test worker] TRACE org.hibernate.type.descriptor.sql.BasicBinder - binding parameter [6] as [VARCHAR] - [Dog]
Hibernate: 
    insert 
    into
        animals
        (birthday, name, placement, sex, shelter_id, species) 
    values
        (?, ?, ?, ?, ?, ?)
12:19:43.865 [Test worker] TRACE org.hibernate.type.descriptor.sql.BasicBinder - binding parameter [1] as [DATE] - [Wed Jan 03 00:00:00 CST 2001]
12:19:43.865 [Test worker] TRACE org.hibernate.type.descriptor.sql.BasicBinder - binding parameter [2] as [VARCHAR] - [Molly]
12:19:43.865 [Test worker] TRACE org.hibernate.type.descriptor.sql.BasicBinder - binding parameter [3] as [DATE] - [Thu Dec 11 00:00:00 CST 2014]
12:19:43.865 [Test worker] TRACE org.hibernate.type.descriptor.sql.BasicBinder - binding parameter [5] as [INTEGER] - [1]
12:19:43.865 [Test worker] TRACE org.hibernate.type.descriptor.sql.BasicBinder - binding parameter [6] as [VARCHAR] - [Cat]
Hibernate: 
    insert 
    into
        animals
        (birthday, name, placement, sex, shelter_id, species) 
    values
        (?, ?, ?, ?, ?, ?)
12:19:43.867 [Test worker] TRACE org.hibernate.type.descriptor.sql.BasicBinder - binding parameter [1] as [DATE] - [Thu Jan 03 00:00:00 CST 2002]
12:19:43.867 [Test worker] TRACE org.hibernate.type.descriptor.sql.BasicBinder - binding parameter [2] as [VARCHAR] - [Fluffy]
12:19:43.867 [Test worker] TRACE org.hibernate.type.descriptor.sql.BasicBinder - binding parameter [3] as [DATE] - [Fri Dec 11 00:00:00 CST 2015]
12:19:43.868 [Test worker] TRACE org.hibernate.type.descriptor.sql.BasicBinder - binding parameter [5] as [INTEGER] - [1]
12:19:43.868 [Test worker] TRACE org.hibernate.type.descriptor.sql.BasicBinder - binding parameter [6] as [VARCHAR] - [Cat]
Hibernate: 
    select
        shelter0_.id as id1_2_0_,
        shelter0_.name as name2_2_0_,
        shelter0_.opened as opened3_2_0_ 
    from
        shelters shelter0_ 
    where
        shelter0_.id=?
12:19:43.872 [Test worker] TRACE org.hibernate.type.descriptor.sql.BasicBinder - binding parameter [1] as [INTEGER] - [1]
]]></system-out>
  <system-err><![CDATA[]]></system-err>
</testsuite>
